<?xml version="1.0" encoding="UTF-8"?>
<testsuite name="com.imassolo.controller.AppControllerTest" tests="1" skipped="0" failures="0" errors="0" timestamp="2022-02-12T16:06:35" hostname="MBP-de-Nacho.fibertel.com.ar" time="0.568">
  <properties/>
  <testcase name="when_request_without_user_id_comes_must_reject()" classname="com.imassolo.controller.AppControllerTest" time="0.568"/>
  <system-out><![CDATA[]]></system-out>
  <system-err><![CDATA[]]></system-err>
</testsuite>
